<?xml version="1.0" encoding="UTF-8"?>
<!-- Generated by org.testng.reporters.JUnitReportReporter -->
<testsuite hostname="SuRaj" failures="0" tests="1" name="com.SauceDemo.TestClass.TestCaseCheckout" time="2.109" errors="0" timestamp="2022-10-13T19:55:00 IST" skipped="0">
  <testcase classname="com.SauceDemo.TestClass.TestCaseCheckout" name="CheckOutPage" time="2.109"/>
  <system-out/>
</testsuite> <!-- com.SauceDemo.TestClass.TestCaseCheckout -->
