<?xml version="1.0" encoding="UTF-8"?>
<!-- Generated by org.testng.reporters.JUnitReportReporter -->
<testsuite hostname="SuRaj" failures="0" tests="1" name="com.SauceDemo.TestClass.TestCase_FilterTab" time="1.002" errors="0" timestamp="2022-10-13T19:55:00 IST" skipped="0">
  <testcase classname="com.SauceDemo.TestClass.TestCase_FilterTab" name="CheckFilter" time="1.002"/>
  <system-out/>
</testsuite> <!-- com.SauceDemo.TestClass.TestCase_FilterTab -->
