<?xml version="1.0" encoding="UTF-8"?>
<!-- Generated by org.testng.reporters.JUnitReportReporter -->
<testsuite hostname="SuRaj" failures="0" tests="1" name="com.SauceDemo.TestClass.TestCase_LoginFunctionality" time="0.763" errors="0" timestamp="2022-10-13T19:55:00 IST" skipped="0">
  <testcase classname="com.SauceDemo.TestClass.TestCase_LoginFunctionality" name="loginFuncationality" time="0.763"/>
  <system-out/>
</testsuite> <!-- com.SauceDemo.TestClass.TestCase_LoginFunctionality -->
